----------------------------------------------------------------
Thu Jun 20 15:09:49 IST 2019:
Booting Derby version The Apache Software Foundation - Apache Derby - 10.14.2.0 - (1828579): instance a816c00e-016b-7441-ad35-000005c71298 
on database directory memory:D:\My Workspace\EbassAuto\testdb with class loader sun.misc.Launcher$AppClassLoader@764c12b6 
Loaded from file:/C:/Users/675134/.m2/repository/org/apache/derby/derby/10.14.2.0/derby-10.14.2.0.jar
java.vendor=Oracle Corporation
java.runtime.version=1.8.0_201-b09
user.dir=D:\My Workspace\EbassAuto
os.name=Windows 10
os.arch=amd64
os.version=10.0
derby.system.home=null
Database Class Loader started - derby.database.classpath=''
----------------------------------------------------------------
Thu Jun 20 15:10:40 IST 2019:
Shutting down instance a816c00e-016b-7441-ad35-000005c71298 on database directory memory:D:\My Workspace\EbassAuto\testdb with class loader sun.misc.Launcher$AppClassLoader@764c12b6 
----------------------------------------------------------------
Thu Jun 20 15:10:41 IST 2019:
Booting Derby version The Apache Software Foundation - Apache Derby - 10.14.2.0 - (1828579): instance 176240b2-016b-7441-ad35-000005c71298 
on database directory memory:D:\My Workspace\EbassAuto\testdb with class loader sun.misc.Launcher$AppClassLoader@764c12b6 
Loaded from file:/C:/Users/675134/.m2/repository/org/apache/derby/derby/10.14.2.0/derby-10.14.2.0.jar
java.vendor=Oracle Corporation
java.runtime.version=1.8.0_201-b09
user.dir=D:\My Workspace\EbassAuto
os.name=Windows 10
os.arch=amd64
os.version=10.0
derby.system.home=null
Database Class Loader started - derby.database.classpath=''
----------------------------------------------------------------
Thu Jun 20 15:11:16 IST 2019:
Shutting down instance 176240b2-016b-7441-ad35-000005c71298 on database directory memory:D:\My Workspace\EbassAuto\testdb with class loader sun.misc.Launcher$AppClassLoader@764c12b6 
----------------------------------------------------------------
Thu Jun 20 15:11:17 IST 2019:
Booting Derby version The Apache Software Foundation - Apache Derby - 10.14.2.0 - (1828579): instance 90478154-016b-7441-ad35-000005c71298 
on database directory memory:D:\My Workspace\EbassAuto\testdb with class loader sun.misc.Launcher$AppClassLoader@764c12b6 
Loaded from file:/C:/Users/675134/.m2/repository/org/apache/derby/derby/10.14.2.0/derby-10.14.2.0.jar
java.vendor=Oracle Corporation
java.runtime.version=1.8.0_201-b09
user.dir=D:\My Workspace\EbassAuto
os.name=Windows 10
os.arch=amd64
os.version=10.0
derby.system.home=null
Database Class Loader started - derby.database.classpath=''
----------------------------------------------------------------
Thu Jun 20 15:11:32 IST 2019:
Shutting down instance 90478154-016b-7441-ad35-000005c71298 on database directory memory:D:\My Workspace\EbassAuto\testdb with class loader sun.misc.Launcher$AppClassLoader@764c12b6 
